d:\x264\h264_video_decoder_demo-master\temp\x64\debug\vc142.pdb
d:\x264\h264_video_decoder_demo-master\temp\x64\debug\vc142.idb
d:\x264\h264_video_decoder_demo-master\temp\x64\debug\h264residualblockcavlc.obj
d:\x264\h264_video_decoder_demo-master\temp\x64\debug\h264refpiclist.obj
d:\x264\h264_video_decoder_demo-master\temp\x64\debug\h264pps.obj
d:\x264\h264_video_decoder_demo-master\temp\x64\debug\h264picturesgop.obj
d:\x264\h264_video_decoder_demo-master\temp\x64\debug\h264picturedeblockingfilterprocess.obj
d:\x264\h264_video_decoder_demo-master\temp\x64\debug\h264picturebase.obj
d:\x264\h264_video_decoder_demo-master\temp\x64\debug\h264picture.obj
d:\x264\h264_video_decoder_demo-master\temp\x64\debug\h264nalunit.obj
d:\x264\h264_video_decoder_demo-master\temp\x64\debug\h264mvcvuiext.obj
d:\x264\h264_video_decoder_demo-master\temp\x64\debug\h264mvcdvuiext.obj
d:\x264\h264_video_decoder_demo-master\temp\x64\debug\h264macroblock.obj
d:\x264\h264_video_decoder_demo-master\temp\x64\debug\h264interprediction.obj
d:\x264\h264_video_decoder_demo-master\temp\x64\debug\h264hrdparameters.obj
d:\x264\h264_video_decoder_demo-master\temp\x64\debug\h264golomb.obj
d:\x264\h264_video_decoder_demo-master\temp\x64\debug\h264commonfunc.obj
d:\x264\h264_video_decoder_demo-master\temp\x64\debug\h264cabac.obj
d:\x264\h264_video_decoder_demo-master\temp\x64\debug\filereader.obj
d:\x264\h264_video_decoder_demo-master\temp\x64\debug\ffmpeg_videodecoder.obj
d:\x264\h264_video_decoder_demo-master\temp\x64\debug\commonfunction.obj
d:\x264\h264_video_decoder_demo-master\temp\x64\debug\bitstream.obj
d:\x264\h264_video_decoder_demo-master\temp\x64\debug\main.obj
d:\x264\h264_video_decoder_demo-master\temp\x64\debug\h264vui.obj
d:\x264\h264_video_decoder_demo-master\temp\x64\debug\h264videodecoder.obj
d:\x264\h264_video_decoder_demo-master\temp\x64\debug\h264svcvuiex.obj
d:\x264\h264_video_decoder_demo-master\temp\x64\debug\h264spssvcext.obj
d:\x264\h264_video_decoder_demo-master\temp\x64\debug\h264subsetsps.obj
d:\x264\h264_video_decoder_demo-master\temp\x64\debug\h264spsmvcext.obj
d:\x264\h264_video_decoder_demo-master\temp\x64\debug\h264spsmvcdext.obj
d:\x264\h264_video_decoder_demo-master\temp\x64\debug\h264spsext.obj
d:\x264\h264_video_decoder_demo-master\temp\x64\debug\h264sps3davcext.obj
d:\x264\h264_video_decoder_demo-master\temp\x64\debug\h264sps.obj
d:\x264\h264_video_decoder_demo-master\temp\x64\debug\h264sliceheader.obj
d:\x264\h264_video_decoder_demo-master\temp\x64\debug\h264slicedata.obj
d:\x264\h264_video_decoder_demo-master\temp\x64\debug\h264sei.obj
d:\x264\h264_video_decoder_demo-master\build\x64\debug\h264_video_decoder_demo_vs2013.exe
d:\x264\h264_video_decoder_demo-master\temp\x64\debug\h264_video_decoder_demo_vs2013.ilk
d:\x264\h264_video_decoder_demo-master\build\x64\debug\h264_video_decoder_demo_vs2013.pdb
d:\x264\h264_video_decoder_demo-master\temp\x64\debug\h264_vid.325e2336.tlog\cl.command.1.tlog
d:\x264\h264_video_decoder_demo-master\temp\x64\debug\h264_vid.325e2336.tlog\cl.read.1.tlog
d:\x264\h264_video_decoder_demo-master\temp\x64\debug\h264_vid.325e2336.tlog\cl.write.1.tlog
d:\x264\h264_video_decoder_demo-master\temp\x64\debug\h264_vid.325e2336.tlog\link.command.1.tlog
d:\x264\h264_video_decoder_demo-master\temp\x64\debug\h264_vid.325e2336.tlog\link.read.1.tlog
d:\x264\h264_video_decoder_demo-master\temp\x64\debug\h264_vid.325e2336.tlog\link.write.1.tlog
