d:\x264\h264_video_decoder_demo-master\sdh264player\sdh264player\x64\debug\vc142.pdb
d:\x264\h264_video_decoder_demo-master\sdh264player\sdh264player\x64\debug\vc142.idb
d:\x264\h264_video_decoder_demo-master\sdh264player\sdh264player\x64\debug\sdh264playerdlg.obj
d:\x264\h264_video_decoder_demo-master\sdh264player\sdh264player\x64\debug\sdh264player.obj
d:\x264\h264_video_decoder_demo-master\sdh264player\sdh264player\x64\debug\myvideoplayer.obj
d:\x264\h264_video_decoder_demo-master\sdh264player\sdh264player\x64\debug\mymenu.obj
d:\x264\h264_video_decoder_demo-master\sdh264player\sdh264player\x64\debug\mystatic.obj
d:\x264\h264_video_decoder_demo-master\sdh264player\sdh264player\x64\debug\sdh264player.pch
d:\x264\h264_video_decoder_demo-master\sdh264player\sdh264player\x64\debug\stdafx.obj
d:\x264\h264_video_decoder_demo-master\sdh264player\sdh264player\x64\debug\frameinfodlg.obj
d:\x264\h264_video_decoder_demo-master\sdh264player\x64\debug\sdh264player.exe
d:\x264\h264_video_decoder_demo-master\sdh264player\sdh264player\x64\debug\sdh264player.ilk
d:\x264\h264_video_decoder_demo-master\sdh264player\x64\debug\sdh264player.pdb
d:\x264\h264_video_decoder_demo-master\sdh264player\sdh264player\x64\debug\sdh264player.res
d:\x264\h264_video_decoder_demo-master\sdh264player\sdh264player\x64\debug\sdh264player.tlog\cl.command.1.tlog
d:\x264\h264_video_decoder_demo-master\sdh264player\sdh264player\x64\debug\sdh264player.tlog\cl.read.1.tlog
d:\x264\h264_video_decoder_demo-master\sdh264player\sdh264player\x64\debug\sdh264player.tlog\cl.write.1.tlog
d:\x264\h264_video_decoder_demo-master\sdh264player\sdh264player\x64\debug\sdh264player.tlog\link.command.1.tlog
d:\x264\h264_video_decoder_demo-master\sdh264player\sdh264player\x64\debug\sdh264player.tlog\link.read.1.tlog
d:\x264\h264_video_decoder_demo-master\sdh264player\sdh264player\x64\debug\sdh264player.tlog\link.write.1.tlog
d:\x264\h264_video_decoder_demo-master\sdh264player\sdh264player\x64\debug\sdh264player.tlog\rc.command.1.tlog
d:\x264\h264_video_decoder_demo-master\sdh264player\sdh264player\x64\debug\sdh264player.tlog\rc.read.1.tlog
d:\x264\h264_video_decoder_demo-master\sdh264player\sdh264player\x64\debug\sdh264player.tlog\rc.write.1.tlog
