  MyStatic.cpp
D:\x264\sdh_tool\include\libavutil\rational.h(1,1): warning C4819: 该文件包含不能在当前代码页(936)中表示的字符。请将该文件保存为 Unicode 格式以防止数据丢失
D:\x264\sdh_tool\include\libavutil\frame.h(1,1): warning C4819: 该文件包含不能在当前代码页(936)中表示的字符。请将该文件保存为 Unicode 格式以防止数据丢失
D:\x264\h264_video_decoder_demo-master\build_static\x64\Debug\include\H264VideoDecoder_ffmpeg.h(11,1): warning C4005: “AV_CODEC_FLAG_GLOBAL_HEADER”: 宏重定义
D:\x264\sdh_tool\include\libavcodec\avcodec.h(337): message : 参见“AV_CODEC_FLAG_GLOBAL_HEADER”的前一个定义
D:\x264\h264_video_decoder_demo-master\SDH264Player\SDH264Player\MyStatic.cpp(268,42): warning C4267: “初始化”: 从“size_t”转换到“int”，可能丢失数据
D:\x264\h264_video_decoder_demo-master\SDH264Player\SDH264Player\MyStatic.cpp(273,63): warning C4267: “初始化”: 从“size_t”转换到“int”，可能丢失数据
D:\x264\h264_video_decoder_demo-master\SDH264Player\SDH264Player\MyStatic.cpp(361,60): warning C4244: “=”: 从“float”转换到“LONG”，可能丢失数据
D:\x264\h264_video_decoder_demo-master\SDH264Player\SDH264Player\MyStatic.cpp(362,60): warning C4244: “=”: 从“float”转换到“LONG”，可能丢失数据
D:\x264\h264_video_decoder_demo-master\SDH264Player\SDH264Player\MyStatic.cpp(375,26): warning C4244: “=”: 从“float”转换到“LONG”，可能丢失数据
D:\x264\h264_video_decoder_demo-master\SDH264Player\SDH264Player\MyStatic.cpp(377,26): warning C4244: “=”: 从“float”转换到“LONG”，可能丢失数据
D:\x264\h264_video_decoder_demo-master\SDH264Player\SDH264Player\MyStatic.cpp(383,92): warning C4244: “=”: 从“float”转换到“LONG”，可能丢失数据
D:\x264\h264_video_decoder_demo-master\SDH264Player\SDH264Player\MyStatic.cpp(384,94): warning C4244: “=”: 从“float”转换到“LONG”，可能丢失数据
D:\x264\h264_video_decoder_demo-master\SDH264Player\SDH264Player\MyStatic.cpp(386,90): warning C4244: “=”: 从“float”转换到“LONG”，可能丢失数据
D:\x264\h264_video_decoder_demo-master\SDH264Player\SDH264Player\MyStatic.cpp(387,96): warning C4244: “=”: 从“float”转换到“LONG”，可能丢失数据
D:\x264\h264_video_decoder_demo-master\SDH264Player\SDH264Player\MyStatic.cpp(409,19): warning C4244: “初始化”: 从“double”转换到“float”，可能丢失数据
D:\x264\h264_video_decoder_demo-master\SDH264Player\SDH264Player\MyStatic.cpp(410,19): warning C4244: “初始化”: 从“double”转换到“float”，可能丢失数据
D:\x264\h264_video_decoder_demo-master\SDH264Player\SDH264Player\MyStatic.cpp(421,61): warning C4244: “=”: 从“float”转换到“int”，可能丢失数据
D:\x264\h264_video_decoder_demo-master\SDH264Player\SDH264Player\MyStatic.cpp(425,59): warning C4244: “=”: 从“float”转换到“int”，可能丢失数据
D:\x264\h264_video_decoder_demo-master\SDH264Player\SDH264Player\MyStatic.cpp(445,53): warning C4244: “=”: 从“float”转换到“LONG”，可能丢失数据
D:\x264\h264_video_decoder_demo-master\SDH264Player\SDH264Player\MyStatic.cpp(446,53): warning C4244: “=”: 从“float”转换到“LONG”，可能丢失数据
D:\x264\h264_video_decoder_demo-master\SDH264Player\SDH264Player\MyStatic.cpp(626,50): warning C4267: “初始化”: 从“size_t”转换到“int”，可能丢失数据
D:\x264\h264_video_decoder_demo-master\SDH264Player\SDH264Player\MyStatic.cpp(629,77): warning C4267: “初始化”: 从“size_t”转换到“int”，可能丢失数据
D:\x264\h264_video_decoder_demo-master\SDH264Player\SDH264Player\MyStatic.cpp(724,54): warning C4267: “初始化”: 从“size_t”转换到“int”，可能丢失数据
D:\x264\h264_video_decoder_demo-master\SDH264Player\SDH264Player\MyStatic.cpp(727,81): warning C4267: “初始化”: 从“size_t”转换到“int”，可能丢失数据
D:\x264\h264_video_decoder_demo-master\SDH264Player\SDH264Player\MyStatic.cpp(790,66): warning C4244: “=”: 从“double”转换到“float”，可能丢失数据
D:\x264\h264_video_decoder_demo-master\SDH264Player\SDH264Player\MyStatic.cpp(679,9): warning C4996: 'sprintf': This function or variable may be unsafe. Consider using sprintf_s instead. To disable deprecation, use _CRT_SECURE_NO_WARNINGS. See online help for details.
D:\x264\h264_video_decoder_demo-master\SDH264Player\SDH264Player\MyStatic.cpp(681,9): warning C4996: 'sprintf': This function or variable may be unsafe. Consider using sprintf_s instead. To disable deprecation, use _CRT_SECURE_NO_WARNINGS. See online help for details.
D:\x264\h264_video_decoder_demo-master\SDH264Player\SDH264Player\MyStatic.cpp(885,46): warning C4267: “初始化”: 从“size_t”转换到“int”，可能丢失数据
D:\x264\h264_video_decoder_demo-master\SDH264Player\SDH264Player\MyStatic.cpp(935,44): warning C4267: “初始化”: 从“size_t”转换到“int”，可能丢失数据
D:\x264\h264_video_decoder_demo-master\SDH264Player\SDH264Player\MyStatic.cpp(1107,48): warning C4267: “初始化”: 从“size_t”转换到“int”，可能丢失数据
D:\x264\h264_video_decoder_demo-master\SDH264Player\SDH264Player\MyStatic.cpp(1115,44): warning C4267: “初始化”: 从“size_t”转换到“int”，可能丢失数据
D:\x264\h264_video_decoder_demo-master\SDH264Player\SDH264Player\MyStatic.cpp(1125,44): warning C4267: “初始化”: 从“size_t”转换到“int”，可能丢失数据
D:\x264\h264_video_decoder_demo-master\SDH264Player\SDH264Player\MyStatic.cpp(1135,44): warning C4267: “初始化”: 从“size_t”转换到“int”，可能丢失数据
D:\x264\h264_video_decoder_demo-master\SDH264Player\SDH264Player\MyStatic.cpp(1281,39): warning C4267: “初始化”: 从“size_t”转换到“int”，可能丢失数据
D:\x264\h264_video_decoder_demo-master\SDH264Player\SDH264Player\MyStatic.cpp(1651,34): warning C4267: “初始化”: 从“size_t”转换到“int”，可能丢失数据
D:\x264\h264_video_decoder_demo-master\SDH264Player\SDH264Player\MyStatic.cpp(1700,34): warning C4267: “初始化”: 从“size_t”转换到“int”，可能丢失数据
D:\x264\h264_video_decoder_demo-master\SDH264Player\SDH264Player\MyStatic.cpp(2261,42): warning C4267: “初始化”: 从“size_t”转换到“int”，可能丢失数据
D:\x264\h264_video_decoder_demo-master\SDH264Player\SDH264Player\MyStatic.cpp(2264,63): warning C4267: “初始化”: 从“size_t”转换到“int”，可能丢失数据
  SDH264Player.vcxproj -> D:\x264\h264_video_decoder_demo-master\SDH264Player\x64\Debug\SDH264Player.exe
