c:\users\a2511\desktop\sdh_264player-ffmpeg_6.1\build_static\x64\debug\h264_video_decoder_demo_static_vs2013.pdb
c:\users\a2511\desktop\sdh_264player-ffmpeg_6.1\build_static\x64\debug\h264_video_decoder_demo_static_vs2013.idb
c:\users\a2511\desktop\sdh_264player-ffmpeg_6.1\temp_static\x64\debug\h264sei.obj
c:\users\a2511\desktop\sdh_264player-ffmpeg_6.1\temp_static\x64\debug\h264residualblockcavlc.obj
c:\users\a2511\desktop\sdh_264player-ffmpeg_6.1\temp_static\x64\debug\h264refpiclist.obj
c:\users\a2511\desktop\sdh_264player-ffmpeg_6.1\temp_static\x64\debug\h264pps.obj
c:\users\a2511\desktop\sdh_264player-ffmpeg_6.1\temp_static\x64\debug\h264picturesgop.obj
c:\users\a2511\desktop\sdh_264player-ffmpeg_6.1\temp_static\x64\debug\h264picturedeblockingfilterprocess.obj
c:\users\a2511\desktop\sdh_264player-ffmpeg_6.1\temp_static\x64\debug\h264picturebase.obj
c:\users\a2511\desktop\sdh_264player-ffmpeg_6.1\temp_static\x64\debug\h264picture.obj
c:\users\a2511\desktop\sdh_264player-ffmpeg_6.1\temp_static\x64\debug\h264nalunit.obj
c:\users\a2511\desktop\sdh_264player-ffmpeg_6.1\temp_static\x64\debug\h264mvcvuiext.obj
c:\users\a2511\desktop\sdh_264player-ffmpeg_6.1\temp_static\x64\debug\h264mvcdvuiext.obj
c:\users\a2511\desktop\sdh_264player-ffmpeg_6.1\temp_static\x64\debug\h264macroblock.obj
c:\users\a2511\desktop\sdh_264player-ffmpeg_6.1\temp_static\x64\debug\h264interprediction.obj
c:\users\a2511\desktop\sdh_264player-ffmpeg_6.1\temp_static\x64\debug\h264hrdparameters.obj
c:\users\a2511\desktop\sdh_264player-ffmpeg_6.1\temp_static\x64\debug\h264golomb.obj
c:\users\a2511\desktop\sdh_264player-ffmpeg_6.1\temp_static\x64\debug\h264commonfunc.obj
c:\users\a2511\desktop\sdh_264player-ffmpeg_6.1\temp_static\x64\debug\h264cabac.obj
c:\users\a2511\desktop\sdh_264player-ffmpeg_6.1\temp_static\x64\debug\filereader.obj
c:\users\a2511\desktop\sdh_264player-ffmpeg_6.1\temp_static\x64\debug\commonfunction.obj
c:\users\a2511\desktop\sdh_264player-ffmpeg_6.1\temp_static\x64\debug\bitstream.obj
c:\users\a2511\desktop\sdh_264player-ffmpeg_6.1\temp_static\x64\debug\h264vui.obj
c:\users\a2511\desktop\sdh_264player-ffmpeg_6.1\temp_static\x64\debug\h264videodecoder_ffmpeg.obj
c:\users\a2511\desktop\sdh_264player-ffmpeg_6.1\temp_static\x64\debug\h264videodecoder.obj
c:\users\a2511\desktop\sdh_264player-ffmpeg_6.1\temp_static\x64\debug\h264svcvuiex.obj
c:\users\a2511\desktop\sdh_264player-ffmpeg_6.1\temp_static\x64\debug\h264spssvcext.obj
c:\users\a2511\desktop\sdh_264player-ffmpeg_6.1\temp_static\x64\debug\h264subsetsps.obj
c:\users\a2511\desktop\sdh_264player-ffmpeg_6.1\temp_static\x64\debug\h264spsmvcext.obj
c:\users\a2511\desktop\sdh_264player-ffmpeg_6.1\temp_static\x64\debug\h264spsmvcdext.obj
c:\users\a2511\desktop\sdh_264player-ffmpeg_6.1\temp_static\x64\debug\h264spsext.obj
c:\users\a2511\desktop\sdh_264player-ffmpeg_6.1\temp_static\x64\debug\h264sps3davcext.obj
c:\users\a2511\desktop\sdh_264player-ffmpeg_6.1\temp_static\x64\debug\h264sps.obj
c:\users\a2511\desktop\sdh_264player-ffmpeg_6.1\temp_static\x64\debug\h264sliceheader.obj
c:\users\a2511\desktop\sdh_264player-ffmpeg_6.1\temp_static\x64\debug\h264slicedata.obj
c:\users\a2511\desktop\sdh_264player-ffmpeg_6.1\build_static\x64\debug\h264_video_decoder_demo_static_vs2013.lib
c:\users\a2511\desktop\sdh_264player-ffmpeg_6.1\temp_static\x64\debug\h264_video_decoder_demo_static_vs2013.vcxproj.filelistabsolute.txt
c:\users\a2511\desktop\sdh_264player-ffmpeg_6.1\temp_static\x64\debug\h264_vid.325e2336.tlog\cl.command.1.tlog
c:\users\a2511\desktop\sdh_264player-ffmpeg_6.1\temp_static\x64\debug\h264_vid.325e2336.tlog\cl.items.tlog
c:\users\a2511\desktop\sdh_264player-ffmpeg_6.1\temp_static\x64\debug\h264_vid.325e2336.tlog\cl.read.1.tlog
c:\users\a2511\desktop\sdh_264player-ffmpeg_6.1\temp_static\x64\debug\h264_vid.325e2336.tlog\cl.write.1.tlog
c:\users\a2511\desktop\sdh_264player-ffmpeg_6.1\temp_static\x64\debug\h264_vid.325e2336.tlog\lib-link.read.1.tlog
c:\users\a2511\desktop\sdh_264player-ffmpeg_6.1\temp_static\x64\debug\h264_vid.325e2336.tlog\lib-link.write.1.tlog
c:\users\a2511\desktop\sdh_264player-ffmpeg_6.1\temp_static\x64\debug\h264_vid.325e2336.tlog\lib.command.1.tlog
